<?xml version="1.0" encoding="UTF-8"?>
<!-- Generated by org.testng.reporters.JUnitReportReporter -->
<testsuite hostname="DESKTOP-FDB8P96" name="Appium.AppiumUIInspec" tests="1" failures="0" timestamp="21 May 2019 04:21:31 GMT" time="121.586" errors="1">
  <testcase name="nativeApp" time="121.586" classname="Appium.AppiumUIInspec">
    <error type="org.openqa.selenium.NoSuchElementException" message="An element could not be located on the page using the given search parameters.
For documentation on this error, please visit: http://seleniumhq.org/exceptions/no_such_element.html
Build info: version: &#039;3.4.0&#039;, revision: &#039;unknown&#039;, time: &#039;unknown&#039;
System info: host: &#039;DESKTOP-FDB8P96&#039;, ip: &#039;192.168.1.118&#039;, os.name: &#039;Windows 10&#039;, os.arch: &#039;amd64&#039;, os.version: &#039;10.0&#039;, java.version: &#039;1.8.0_144&#039;
Driver info: org.openqa.selenium.remote.RemoteWebDriver
Capabilities [{app=C:/Users/Admin/Downloads/Apks/calculator.apk, appPackage=net.tecnotopia.SimpleCalculator, deviceScreenSize=1080x2246, networkConnectionEnabled=true, AutomationName=UIAutomator2, warnings={}, appWaitPackage=net.tecnotopia.SimpleCalculator, appWaitActivity=net.tecnotopia.SimpleCalculator.SimpleCalculatorActivity, databaseEnabled=false, deviceName=ZF62243R47, platform=LINUX, deviceUDID=ZF62243R47, appActivity=net.tecnotopia.SimpleCalculator.SimpleCalculatorActivity, desired={app=C:/Users/Admin/Downloads/Apks/calculator.apk, AutomationName=UIAutomator2, platformName=Android, platformversion=6.0.1, deviceName=ZF62243R47}, platformVersion=9, webStorageEnabled=false, locationContextEnabled=false, takesScreenshot=true, javascriptEnabled=true, deviceModel=motorola one power, platformName=Android, platformversion=6.0.1, deviceManufacturer=motorola}]
Session ID: de02b96e-2d01-437e-a77e-3ebecb6de1d6
*** Element info: {Using=xpath, value=//android.widget.Button[contains(@resource-id, &#039;net.tecnotopia.SimpleCalculator:id/button8&#039;)]}">
      <![CDATA[org.openqa.selenium.NoSuchElementException: An element could not be located on the page using the given search parameters.
For documentation on this error, please visit: http://seleniumhq.org/exceptions/no_such_element.html
Build info: version: '3.4.0', revision: 'unknown', time: 'unknown'
System info: host: 'DESKTOP-FDB8P96', ip: '192.168.1.118', os.name: 'Windows 10', os.arch: 'amd64', os.version: '10.0', java.version: '1.8.0_144'
Driver info: org.openqa.selenium.remote.RemoteWebDriver
Capabilities [{app=C:/Users/Admin/Downloads/Apks/calculator.apk, appPackage=net.tecnotopia.SimpleCalculator, deviceScreenSize=1080x2246, networkConnectionEnabled=true, AutomationName=UIAutomator2, warnings={}, appWaitPackage=net.tecnotopia.SimpleCalculator, appWaitActivity=net.tecnotopia.SimpleCalculator.SimpleCalculatorActivity, databaseEnabled=false, deviceName=ZF62243R47, platform=LINUX, deviceUDID=ZF62243R47, appActivity=net.tecnotopia.SimpleCalculator.SimpleCalculatorActivity, desired={app=C:/Users/Admin/Downloads/Apks/calculator.apk, AutomationName=UIAutomator2, platformName=Android, platformversion=6.0.1, deviceName=ZF62243R47}, platformVersion=9, webStorageEnabled=false, locationContextEnabled=false, takesScreenshot=true, javascriptEnabled=true, deviceModel=motorola one power, platformName=Android, platformversion=6.0.1, deviceManufacturer=motorola}]
Session ID: de02b96e-2d01-437e-a77e-3ebecb6de1d6
*** Element info: {Using=xpath, value=//android.widget.Button[contains(@resource-id, 'net.tecnotopia.SimpleCalculator:id/button8')]}
	at sun.reflect.NativeConstructorAccessorImpl.newInstance0(Native Method)
	at sun.reflect.NativeConstructorAccessorImpl.newInstance(Unknown Source)
	at sun.reflect.DelegatingConstructorAccessorImpl.newInstance(Unknown Source)
	at java.lang.reflect.Constructor.newInstance(Unknown Source)
	at org.openqa.selenium.remote.http.W3CHttpResponseCodec.createException(W3CHttpResponseCodec.java:150)
	at org.openqa.selenium.remote.http.W3CHttpResponseCodec.decode(W3CHttpResponseCodec.java:115)
	at org.openqa.selenium.remote.http.W3CHttpResponseCodec.decode(W3CHttpResponseCodec.java:45)
	at org.openqa.selenium.remote.HttpCommandExecutor.execute(HttpCommandExecutor.java:164)
	at org.openqa.selenium.remote.RemoteWebDriver.execute(RemoteWebDriver.java:637)
	at org.openqa.selenium.remote.RemoteWebDriver.findElement(RemoteWebDriver.java:410)
	at org.openqa.selenium.remote.RemoteWebDriver.findElementByXPath(RemoteWebDriver.java:509)
	at org.openqa.selenium.By$ByXPath.findElement(By.java:361)
	at org.openqa.selenium.remote.RemoteWebDriver.findElement(RemoteWebDriver.java:402)
	at Appium.AppiumUIInspec.nativeApp(AppiumUIInspec.java:30)
	at sun.reflect.NativeMethodAccessorImpl.invoke0(Native Method)
	at sun.reflect.NativeMethodAccessorImpl.invoke(Unknown Source)
	at sun.reflect.DelegatingMethodAccessorImpl.invoke(Unknown Source)
	at java.lang.reflect.Method.invoke(Unknown Source)
	at org.testng.internal.MethodInvocationHelper.invokeMethod(MethodInvocationHelper.java:74)
	at org.testng.internal.Invoker.invokeMethod(Invoker.java:673)
	at org.testng.internal.Invoker.invokeTestMethod(Invoker.java:846)
	at org.testng.internal.Invoker.invokeTestMethods(Invoker.java:1170)
	at org.testng.internal.TestMethodWorker.invokeTestMethods(TestMethodWorker.java:125)
	at org.testng.internal.TestMethodWorker.run(TestMethodWorker.java:109)
	at org.testng.TestRunner.runWorkers(TestRunner.java:1147)
	at org.testng.TestRunner.privateRun(TestRunner.java:749)
	at org.testng.TestRunner.run(TestRunner.java:600)
	at org.testng.SuiteRunner.runTest(SuiteRunner.java:317)
	at org.testng.SuiteRunner.runSequentially(SuiteRunner.java:312)
	at org.testng.SuiteRunner.privateRun(SuiteRunner.java:274)
	at org.testng.SuiteRunner.run(SuiteRunner.java:223)
	at org.testng.SuiteRunnerWorker.runSuite(SuiteRunnerWorker.java:52)
	at org.testng.SuiteRunnerWorker.run(SuiteRunnerWorker.java:86)
	at org.testng.TestNG.runSuitesSequentially(TestNG.java:1039)
	at org.testng.TestNG.runSuitesLocally(TestNG.java:964)
	at org.testng.TestNG.run(TestNG.java:900)
	at org.testng.remote.AbstractRemoteTestNG.run(AbstractRemoteTestNG.java:132)
	at org.testng.remote.RemoteTestNG.initAndRun(RemoteTestNG.java:236)
	at org.testng.remote.RemoteTestNG.main(RemoteTestNG.java:81)
]]>
    </error>
  </testcase>
</testsuite>
